/soft/SYNOPSYS/INSTALL/synthesis/auxx/gui/dv/dv_setup.tcl
/soft/SYNOPSYS/INSTALL/synthesis/auxx/gui/syn/snpsSynProcs.tcl
/soft/SYNOPSYS/INSTALL/synthesis/auxx/tcllib/lib/tcl8.4/package.tcl
/soft/SYNOPSYS/INSTALL/synthesis/auxx/gui/syn/layout/pkgIndex.tcl
/soft/SYNOPSYS/INSTALL/synthesis/auxx/gui/common/layout/pkgIndex.tcl
/soft/SYNOPSYS/INSTALL/synthesis/auxx/gui/common/view/pkgIndex.tcl
/soft/SYNOPSYS/INSTALL/synthesis/auxx/gui/common/select/pkgIndex.tcl
/soft/SYNOPSYS/INSTALL/synthesis/auxx/gui/common/highlight/pkgIndex.tcl
/soft/SYNOPSYS/INSTALL/synthesis/auxx/gui/common/dialogs/pkgIndex.tcl
/soft/SYNOPSYS/INSTALL/synthesis/auxx/gui/common/profiler/pkgIndex.tcl
/soft/SYNOPSYS/INSTALL/synthesis/auxx/gui/common/misc/pkgIndex.tcl
/soft/SYNOPSYS/INSTALL/synthesis/auxx/gui/common/menus/pkgIndex.tcl
/soft/SYNOPSYS/INSTALL/synthesis/auxx/gui/common/qtcl/pkgIndex.tcl
/soft/SYNOPSYS/INSTALL/synthesis/auxx/gui/common/schematic/pkgIndex.tcl
/soft/SYNOPSYS/INSTALL/synthesis/auxx/gui/common/libviewer/pkgIndex.tcl
/soft/SYNOPSYS/INSTALL/synthesis/auxx/gui/common/docBrowser/pkgIndex.tcl
/soft/SYNOPSYS/INSTALL/synthesis/auxx/gui/common/opdlg/pkgIndex.tcl
/soft/SYNOPSYS/INSTALL/synthesis/auxx/gui/common/tcl-dp/pkgIndex.tcl
/soft/SYNOPSYS/INSTALL/synthesis/auxx/gui/common/hierarchy/pkgIndex.tcl
/soft/SYNOPSYS/INSTALL/synthesis/auxx/gui/common/regressionToolkit/pkgIndex.tcl
/soft/SYNOPSYS/INSTALL/synthesis/auxx/gui/common/strokes/pkgIndex.tcl
/soft/SYNOPSYS/INSTALL/synthesis/auxx/gui/common/histogram/pkgIndex.tcl
/soft/SYNOPSYS/INSTALL/synthesis/auxx/gui/common/setup/pkgIndex.tcl
/soft/SYNOPSYS/INSTALL/synthesis/auxx/gui/common/fanoutviewer/pkgIndex.tcl
/soft/SYNOPSYS/INSTALL/synthesis/auxx/gui/common/WindowFrameWork/pkgIndex.tcl
/soft/SYNOPSYS/INSTALL/synthesis/auxx/gui/common/table/pkgIndex.tcl
/soft/SYNOPSYS/INSTALL/synthesis/auxx/gui/common/pathinspector/pkgIndex.tcl
/soft/SYNOPSYS/INSTALL/synthesis/auxx/tcllib/snps_tcl/snpsUtils/pkgIndex.tcl
/soft/SYNOPSYS/INSTALL/synthesis/auxx/tcllib/snps_tcl/snpsTclPro/pkgIndex.tcl
/soft/SYNOPSYS/INSTALL/synthesis/auxx/tcllib/snps_tcl/snpsTest/pkgIndex.tcl
/soft/SYNOPSYS/INSTALL/synthesis/auxx/tcllib/snps_tcl/pkgIndex.tcl
/soft/SYNOPSYS/INSTALL/synthesis/auxx/tcllib/lib/tcl8.4/http/pkgIndex.tcl
/soft/SYNOPSYS/INSTALL/synthesis/auxx/tcllib/lib/tcl8.4/opt/pkgIndex.tcl
/soft/SYNOPSYS/INSTALL/synthesis/auxx/tcllib/lib/tcl8.4/dde/pkgIndex.tcl
/soft/SYNOPSYS/INSTALL/synthesis/auxx/tcllib/lib/tcl8.4/reg/pkgIndex.tcl
/soft/SYNOPSYS/INSTALL/synthesis/auxx/tcllib/lib/tcl8.4/http1.0/pkgIndex.tcl
/soft/SYNOPSYS/INSTALL/synthesis/auxx/tcllib/lib/tcl8.4/tcltest/pkgIndex.tcl
/soft/SYNOPSYS/INSTALL/synthesis/auxx/tcllib/lib/tcl8.4/msgcat/pkgIndex.tcl
/soft/SYNOPSYS/INSTALL/synthesis/auxx/gui/common/setup/snpsCommonSetup.tcl
/soft/SYNOPSYS/INSTALL/synthesis/auxx/gui/common/setup/snpsCustomize.tcl
/soft/SYNOPSYS/INSTALL/synthesis/auxx/gui/common/setup/snpsProcheck.tcl
/soft/SYNOPSYS/INSTALL/synthesis/auxx/gui/common/qtcl/.synopsys_qtcl.tcl
/soft/SYNOPSYS/INSTALL/synthesis/auxx/gui/common/highlight/highlight.tcl
/soft/SYNOPSYS/INSTALL/synthesis/auxx/gui/common/misc/base.tcl
/soft/SYNOPSYS/INSTALL/synthesis/auxx/gui/common/misc/timing.tcl
/soft/SYNOPSYS/INSTALL/synthesis/auxx/gui/common/misc/setting.tcl
/soft/SYNOPSYS/INSTALL/synthesis/auxx/gui/common/docBrowser/docBrowser.tcl
/soft/SYNOPSYS/INSTALL/synthesis/auxx/tcllib/snps_tcl/snpsUtils/snpsUtils.tcl
/soft/SYNOPSYS/INSTALL/synthesis/auxx/gui/common/WindowFrameWork/windowFrameWork.tcl
/soft/SYNOPSYS/INSTALL/synthesis/auxx/gui/common/WindowFrameWork/skipBusyCursorCmdList.tcl
/soft/SYNOPSYS/INSTALL/synthesis/auxx/gui/common/dialogs/ObjectChooser.tcl
/soft/SYNOPSYS/INSTALL/synthesis/auxx/gui/common/misc/DialogObjectChooser.tcl
/soft/SYNOPSYS/INSTALL/synthesis/auxx/gui/common/dialogs/HistBinInformation.tcl
/soft/SYNOPSYS/INSTALL/synthesis/auxx/gui/common/dialogs/HistBin1Information.tcl
/soft/SYNOPSYS/INSTALL/synthesis/auxx/gui/common/dialogs/BinsOnlyInformation.tcl
/soft/SYNOPSYS/INSTALL/synthesis/auxx/gui/common/dialogs/FileChooser.tcl
/soft/SYNOPSYS/INSTALL/synthesis/auxx/gui/common/dialogs/PathPinSimpleInfo.tcl
/soft/SYNOPSYS/INSTALL/synthesis/auxx/gui/common/dialogs/PathsBasicInfo.tcl
/soft/SYNOPSYS/INSTALL/synthesis/auxx/gui/common/dialogs/PathsBasicSimpleInfo.tcl
/soft/SYNOPSYS/INSTALL/synthesis/auxx/gui/common/dialogs/SlctOperationInfo.tcl
/soft/SYNOPSYS/INSTALL/synthesis/auxx/gui/common/dialogs/ObjectListInfo.tcl
/soft/SYNOPSYS/INSTALL/synthesis/auxx/gui/common/dialogs/FanInOutInfo.tcl
/soft/SYNOPSYS/INSTALL/synthesis/auxx/gui/common/dialogs/NumberOfLevelsChooser.tcl
/soft/SYNOPSYS/INSTALL/synthesis/auxx/gui/common/dialogs/WindowReuseInfo.tcl
/soft/SYNOPSYS/INSTALL/synthesis/auxx/gui/common/dialogs/ReportOutputOptionInfo.tcl
/soft/SYNOPSYS/INSTALL/synthesis/auxx/gui/common/setup/snpsCollections.tcl
/soft/SYNOPSYS/INSTALL/synthesis/auxx/gui/common/dialogs/CompileLinkDesign.tcl
/soft/SYNOPSYS/INSTALL/synthesis/auxx/gui/common/histogram/DialogEndpointSlack.tcl
/soft/SYNOPSYS/INSTALL/synthesis/auxx/gui/common/histogram/DialogPathsSlack.tcl
/soft/SYNOPSYS/INSTALL/synthesis/auxx/gui/common/histogram/DialogNetCapacitance.tcl
/soft/SYNOPSYS/INSTALL/synthesis/auxx/gui/common/schematic/DialogPathSchematicFanInOut.tcl
/soft/SYNOPSYS/INSTALL/synthesis/auxx/gui/common/schematic/DialogPathSchematicAddPaths.tcl
/eleves/home/alexandre.remondini/3A/SYNTH_VHDL_2021/synthese.tcl
/eleves/home/alexandre.remondini/3A/SYNTH_VHDL_2021/SRC/RTL/rom.vhd
/eleves/home/alexandre.remondini/3A/SYNTH_VHDL_2021/SRC/RTL/reg.vhd
/eleves/home/alexandre.remondini/3A/SYNTH_VHDL_2021/SRC/RTL/mul.vhd
/eleves/home/alexandre.remondini/3A/SYNTH_VHDL_2021/SRC/RTL/fsm.vhd
/eleves/home/alexandre.remondini/3A/SYNTH_VHDL_2021/SRC/RTL/dl.vhd
/eleves/home/alexandre.remondini/3A/SYNTH_VHDL_2021/SRC/RTL/cpt.vhd
/eleves/home/alexandre.remondini/3A/SYNTH_VHDL_2021/SRC/RTL/filtre.vhd
/soft/AMS_400_CDS/synopsys/c35_3.3V/c35_CORELIB.db
/soft/AMS_400_CDS/synopsys/c35_3.3V/c35_IOLIB_4M.db
/soft/AMS_400_CDS/synopsys/c35_3.3V/c35_IOLIBV5_4M.db
/soft/SYNOPSYS/INSTALL/synthesis/libraries/syn/standard.sldb
/soft/SYNOPSYS/INSTALL/synthesis/libraries/syn/dw_foundation.sldb
/soft/SYNOPSYS/INSTALL/synthesis/libraries/syn/dft_lbist.sldb
/soft/SYNOPSYS/INSTALL/synthesis/libraries/syn/dft_mbist.sldb
/soft/SYNOPSYS/INSTALL/synthesis/libraries/syn/gtech.db
/eleves/home/alexandre.remondini/synopsys_cache_D-2010.03-SP5-2/DW01/DW01_inc/rpl/3/c35_CORELIB_471/element.ddc
/eleves/home/alexandre.remondini/synopsys_cache_D-2010.03-SP5-2/DW01/DW_cmp/apparch/3/c35_CORELIB_471/8167_6715/mapped.ddc
/eleves/home/alexandre.remondini/synopsys_cache_D-2010.03-SP5-2/DW02/DW_mult_uns/apparch/8/8/c35_CORELIB_471_3452_6715/element.ddc
/eleves/home/alexandre.remondini/synopsys_cache_D-2010.03-SP5-2/DW02/DW_mult_uns/apparch/8/8/c35_CORELIB_471_3452_6715/element.ddc
/eleves/home/alexandre.remondini/synopsys_cache_D-2010.03-SP5-2/DW02/DW_mult_uns/pparch/8/8/c35_CORELIB_471_3452_6715/element.ddc
/soft/AMS_400_CDS/synopsys/c35_3.3V/c35_IOLIB_4M.db
/soft/AMS_400_CDS/synopsys/c35_3.3V/c35_IOLIBV5_4M.db
/soft/AMS_400_CDS/synopsys/c35_3.3V/c35_CORELIB.db
/soft/SYNOPSYS/INSTALL/synthesis/auxx/tcllib/lib/tk8.4/tk.tcl
/soft/SYNOPSYS/INSTALL/synthesis/auxx/tcllib/lib/tcl8.4/msgcat/msgcat.tcl
/soft/SYNOPSYS/INSTALL/synthesis/auxx/tcllib/lib/tk8.4/button.tcl
/soft/SYNOPSYS/INSTALL/synthesis/auxx/tcllib/lib/tk8.4/entry.tcl
/soft/SYNOPSYS/INSTALL/synthesis/auxx/tcllib/lib/tk8.4/listbox.tcl
/soft/SYNOPSYS/INSTALL/synthesis/auxx/tcllib/lib/tk8.4/menu.tcl
/soft/SYNOPSYS/INSTALL/synthesis/auxx/tcllib/lib/tk8.4/panedwindow.tcl
/soft/SYNOPSYS/INSTALL/synthesis/auxx/tcllib/lib/tk8.4/scale.tcl
/soft/SYNOPSYS/INSTALL/synthesis/auxx/tcllib/lib/tk8.4/scrlbar.tcl
/soft/SYNOPSYS/INSTALL/synthesis/auxx/tcllib/lib/tk8.4/spinbox.tcl
/soft/SYNOPSYS/INSTALL/synthesis/auxx/tcllib/lib/tk8.4/text.tcl
/soft/SYNOPSYS/INSTALL/synthesis/auxx/tcllib/lib/tix8.1.4/Init.tcl
/soft/SYNOPSYS/INSTALL/synthesis/auxx/tcllib/lib/tix8.1.4/Version.tcl
/soft/SYNOPSYS/INSTALL/synthesis/auxx/tcllib/lib/tix8.1.4/UnixFile.tcl
/soft/SYNOPSYS/INSTALL/synthesis/auxx/tcllib/lib/tix8.1.4/Tix.tcl
/soft/SYNOPSYS/INSTALL/synthesis/auxx/tcllib/lib/tix8.1.4/fs.tcl
/soft/SYNOPSYS/INSTALL/synthesis/auxx/tcllib/lib/tix8.1.4/pref/WmDefault.fsc
/soft/SYNOPSYS/INSTALL/synthesis/auxx/tcllib/lib/tix8.1.4/pref/pkgIndex.tcl
/soft/SYNOPSYS/INSTALL/synthesis/auxx/gui/syn/layout/pkgIndex.tcl
/soft/SYNOPSYS/INSTALL/synthesis/auxx/gui/common/layout/pkgIndex.tcl
/soft/SYNOPSYS/INSTALL/synthesis/auxx/gui/common/view/pkgIndex.tcl
/soft/SYNOPSYS/INSTALL/synthesis/auxx/gui/common/select/pkgIndex.tcl
/soft/SYNOPSYS/INSTALL/synthesis/auxx/gui/common/highlight/pkgIndex.tcl
/soft/SYNOPSYS/INSTALL/synthesis/auxx/gui/common/dialogs/pkgIndex.tcl
/soft/SYNOPSYS/INSTALL/synthesis/auxx/gui/common/profiler/pkgIndex.tcl
/soft/SYNOPSYS/INSTALL/synthesis/auxx/gui/common/misc/pkgIndex.tcl
/soft/SYNOPSYS/INSTALL/synthesis/auxx/gui/common/menus/pkgIndex.tcl
/soft/SYNOPSYS/INSTALL/synthesis/auxx/gui/common/qtcl/pkgIndex.tcl
/soft/SYNOPSYS/INSTALL/synthesis/auxx/gui/common/schematic/pkgIndex.tcl
/soft/SYNOPSYS/INSTALL/synthesis/auxx/gui/common/libviewer/pkgIndex.tcl
/soft/SYNOPSYS/INSTALL/synthesis/auxx/gui/common/docBrowser/pkgIndex.tcl
/soft/SYNOPSYS/INSTALL/synthesis/auxx/gui/common/opdlg/pkgIndex.tcl
/soft/SYNOPSYS/INSTALL/synthesis/auxx/gui/common/tcl-dp/pkgIndex.tcl
/soft/SYNOPSYS/INSTALL/synthesis/auxx/gui/common/hierarchy/pkgIndex.tcl
/soft/SYNOPSYS/INSTALL/synthesis/auxx/gui/common/regressionToolkit/pkgIndex.tcl
/soft/SYNOPSYS/INSTALL/synthesis/auxx/gui/common/strokes/pkgIndex.tcl
/soft/SYNOPSYS/INSTALL/synthesis/auxx/gui/common/histogram/pkgIndex.tcl
/soft/SYNOPSYS/INSTALL/synthesis/auxx/gui/common/setup/pkgIndex.tcl
/soft/SYNOPSYS/INSTALL/synthesis/auxx/gui/common/fanoutviewer/pkgIndex.tcl
/soft/SYNOPSYS/INSTALL/synthesis/auxx/gui/common/WindowFrameWork/pkgIndex.tcl
/soft/SYNOPSYS/INSTALL/synthesis/auxx/gui/common/table/pkgIndex.tcl
/soft/SYNOPSYS/INSTALL/synthesis/auxx/gui/common/pathinspector/pkgIndex.tcl
/soft/SYNOPSYS/INSTALL/synthesis/auxx/tcllib/snps_tcl/snpsUtils/pkgIndex.tcl
/soft/SYNOPSYS/INSTALL/synthesis/auxx/tcllib/snps_tcl/snpsTclPro/pkgIndex.tcl
/soft/SYNOPSYS/INSTALL/synthesis/auxx/tcllib/snps_tcl/snpsTest/pkgIndex.tcl
/soft/SYNOPSYS/INSTALL/synthesis/auxx/tcllib/snps_tcl/pkgIndex.tcl
/soft/SYNOPSYS/INSTALL/synthesis/auxx/tcllib/lib/tcl8.4/http/pkgIndex.tcl
/soft/SYNOPSYS/INSTALL/synthesis/auxx/tcllib/lib/tcl8.4/opt/pkgIndex.tcl
/soft/SYNOPSYS/INSTALL/synthesis/auxx/tcllib/lib/tcl8.4/dde/pkgIndex.tcl
/soft/SYNOPSYS/INSTALL/synthesis/auxx/tcllib/lib/tcl8.4/reg/pkgIndex.tcl
/soft/SYNOPSYS/INSTALL/synthesis/auxx/tcllib/lib/tcl8.4/http1.0/pkgIndex.tcl
/soft/SYNOPSYS/INSTALL/synthesis/auxx/tcllib/lib/tcl8.4/tcltest/pkgIndex.tcl
/soft/SYNOPSYS/INSTALL/synthesis/auxx/tcllib/lib/tcl8.4/msgcat/pkgIndex.tcl
/soft/SYNOPSYS/INSTALL/synthesis/auxx/tcllib/lib/tix8.1.4/pref/WmDefault.tcl
/soft/SYNOPSYS/INSTALL/synthesis/auxx/tcllib/lib/tix8.1.4/pref/WmDefault.csc
/soft/SYNOPSYS/INSTALL/synthesis/auxx/tcllib/lib/tix8.1.4/HList.tcl
/soft/SYNOPSYS/INSTALL/synthesis/auxx/tcllib/lib/tk8.4/unsupported.tcl
/soft/SYNOPSYS/INSTALL/synthesis/auxx/tcllib/lib/tix8.1.4/Event.tcl
/soft/SYNOPSYS/INSTALL/synthesis/auxx/tcllib/lib/tix8.1.4/TList.tcl
/soft/SYNOPSYS/INSTALL/synthesis/auxx/tcllib/lib/tix8.1.4/Grid.tcl
/soft/SYNOPSYS/INSTALL/synthesis/auxx/tcllib/lib/tix8.1.4/ComboBox.tcl
/soft/SYNOPSYS/INSTALL/synthesis/auxx/tcllib/lib/tix8.1.4/LabWidg.tcl
/soft/SYNOPSYS/INSTALL/synthesis/auxx/tcllib/lib/tix8.1.4/Primitiv.tcl
/soft/SYNOPSYS/INSTALL/synthesis/auxx/tcllib/lib/tix8.1.4/Control.tcl
/soft/SYNOPSYS/INSTALL/synthesis/auxx/tcllib/lib/tix8.1.4/FloatEnt.tcl
/soft/SYNOPSYS/INSTALL/synthesis/auxx/tcllib/lib/tix8.1.4/LabEntry.tcl
/soft/SYNOPSYS/INSTALL/synthesis/auxx/tcllib/lib/tix8.1.4/SGrid.tcl
/soft/SYNOPSYS/INSTALL/synthesis/auxx/tcllib/lib/tix8.1.4/SWidget.tcl
/soft/SYNOPSYS/INSTALL/synthesis/auxx/tcllib/lib/tix8.1.4/SListBox.tcl
/soft/SYNOPSYS/INSTALL/synthesis/auxx/gui/common/histogram/base.tcl
/soft/SYNOPSYS/INSTALL/synthesis/auxx/gui/common/profiler/base.tcl
/soft/SYNOPSYS/INSTALL/synthesis/auxx/gui/common/schematic/base.tcl
/soft/SYNOPSYS/INSTALL/synthesis/auxx/gui/common/select/baseInternal.tcl
/soft/SYNOPSYS/INSTALL/synthesis/auxx/gui/common/schematic/enable.tcl
/soft/SYNOPSYS/INSTALL/synthesis/auxx/gui/common/schematic/netlist.tcl
/soft/SYNOPSYS/INSTALL/synthesis/auxx/gui/common/schematic/method.tcl
/soft/SYNOPSYS/INSTALL/synthesis/auxx/gui/common/misc/createViewType.tcl
/soft/SYNOPSYS/INSTALL/synthesis/auxx/gui/common/menus/base.tcl
/soft/SYNOPSYS/INSTALL/synthesis/auxx/gui/common/libviewer/base.tcl
/soft/SYNOPSYS/INSTALL/synthesis/auxx/gui/common/misc/viewmgr.tcl
/soft/SYNOPSYS/INSTALL/synthesis/auxx/gui/common/pathinspector/base.tcl
/soft/SYNOPSYS/INSTALL/synthesis/auxx/gui/common/pathinspector/create_window_and_menu.tcl
/soft/SYNOPSYS/INSTALL/synthesis/auxx/gui/common/misc/infotip.tcl
/soft/SYNOPSYS/INSTALL/synthesis/auxx/gui/common/misc/viewporthistory.tcl
/soft/SYNOPSYS/INSTALL/synthesis/libraries/syn/generic.sdb
